<?xml version="1.0" encoding="UTF-8"?>
<!-- Generated by org.testng.reporters.JUnitXMLReporter -->
<testsuite ignored="0" hostname="DESKTOP-I809MD1" failures="1" tests="1" name="HomePage" time="24.414" errors="0" timestamp="2020-06-14T20:19:37 EDT">
  <testcase classname="hometest.HomePageTest1" name="testSearchProduct" time="12.118">
    <failure type="java.lang.AssertionError" message="iphone 11 is not displayed expected [&amp;quot;iphone 11 pr&amp;quot;] but found [&amp;quot;iphone 11 pro&amp;quot;]">
      <![CDATA[java.lang.AssertionError: iphone 11 is not displayed expected ["iphone 11 pr"] but found ["iphone 11 pro"]
at home.HomePage.validateSearchProduct(HomePage.java:86)
at hometest.HomePageTest1.testSearchProduct(HomePageTest1.java:21)
at java.base/java.util.ArrayList.forEach(ArrayList.java:1540)
... Removed 35 stack frames]]>
    </failure>
  </testcase> <!-- testSearchProduct -->
</testsuite> <!-- HomePage -->
